<?xml version="1.0" encoding="UTF-8"?>
<!-- Generated by org.testng.reporters.JUnitReportReporter -->
<testsuite hostname="DESKTOP-QAUNN0B" failures="0" tests="3" name="testRunner.LoginPage" time="0.152" errors="3" timestamp="2023-10-01T20:03:17 PKT" skipped="0">
  <testcase classname="testRunner.LoginPage" name="runScenario" time="0.017">
    <error message="Unresolved compilation problem: 
	The method attach(byte[], String, String) in the type Scenario is not applicable for the arguments (byte[], String, Collection&lt;String&gt;)
" type="java.lang.Error">
      <![CDATA[java.lang.Error: Unresolved compilation problem: 
The method attach(byte[], String, String) in the type Scenario is not applicable for the arguments (byte[], String, Collection<String>)

at hooks.MyHooks.beforeScenario(MyHooks.java:26)
]]>
    </error>
  </testcase> <!-- runScenario -->
  <system-out/>
  <testcase classname="testRunner.LoginPage" name="runScenario" time="0.113">
    <error message="Unresolved compilation problem: 
	The method attach(byte[], String, String) in the type Scenario is not applicable for the arguments (byte[], String, Collection&lt;String&gt;)
" type="java.lang.Error">
      <![CDATA[java.lang.Error: Unresolved compilation problem: 
The method attach(byte[], String, String) in the type Scenario is not applicable for the arguments (byte[], String, Collection<String>)

at hooks.MyHooks.beforeScenario(MyHooks.java:26)
]]>
    </error>
  </testcase> <!-- runScenario -->
  <system-out/>
  <testcase classname="testRunner.LoginPage" name="runScenario" time="0.022">
    <error message="Unresolved compilation problem: 
	The method attach(byte[], String, String) in the type Scenario is not applicable for the arguments (byte[], String, Collection&lt;String&gt;)
" type="java.lang.Error">
      <![CDATA[java.lang.Error: Unresolved compilation problem: 
The method attach(byte[], String, String) in the type Scenario is not applicable for the arguments (byte[], String, Collection<String>)

at hooks.MyHooks.beforeScenario(MyHooks.java:26)
]]>
    </error>
  </testcase> <!-- runScenario -->
  <system-out/>
</testsuite> <!-- testRunner.LoginPage -->
